Include units.inc
*** ERROR *** Could not read from url: 'file:/C:/Users/wang/eclipse-workspace/ENGSCI355/sim/sim_custom/units.inc'
C:\Users\wang\eclipse-workspace\ENGSCI355\sim\sim_custom\units.inc (系统找不到指定的文件。)

Include sim.inc
*** ERROR *** Could not read from url: 'file:/C:/Users/wang/eclipse-workspace/ENGSCI355/sim/sim_custom/sim.inc'
C:\Users\wang\eclipse-workspace\ENGSCI355\sim\sim_custom\sim.inc (系统找不到指定的文件。)

Include units-imperial.inc
*** ERROR *** Could not read from url: 'file:/C:/Users/wang/eclipse-workspace/ENGSCI355/sim/sim_custom/units-imperial.inc'
C:\Users\wang\eclipse-workspace\ENGSCI355\sim\sim_custom\units-imperial.inc (系统找不到指定的文件。)

Include units-knots.inc
*** ERROR *** Could not read from url: 'file:/C:/Users/wang/eclipse-workspace/ENGSCI355/sim/sim_custom/units-knots.inc'
C:\Users\wang\eclipse-workspace\ENGSCI355\sim\sim_custom\units-knots.inc (系统找不到指定的文件。)

Include displayModels.inc
*** ERROR *** Could not read from url: 'file:/C:/Users/wang/eclipse-workspace/ENGSCI355/sim/sim_custom/displayModels.inc'
C:\Users\wang\eclipse-workspace\ENGSCI355\sim\sim_custom\displayModels.inc (系统找不到指定的文件。)

Include graphics.inc
*** ERROR *** Could not read from url: 'file:/C:/Users/wang/eclipse-workspace/ENGSCI355/sim/sim_custom/graphics.inc'
C:\Users\wang\eclipse-workspace\ENGSCI355\sim\sim_custom\graphics.inc (系统找不到指定的文件。)

Include probabilityDistributions.inc
*** ERROR *** Could not read from url: 'file:/C:/Users/wang/eclipse-workspace/ENGSCI355/sim/sim_custom/probabilityDistributions.inc'
C:\Users\wang\eclipse-workspace\ENGSCI355\sim\sim_custom\probabilityDistributions.inc (系统找不到指定的文件。)

Include basicObjects.inc
*** ERROR *** Could not read from url: 'file:/C:/Users/wang/eclipse-workspace/ENGSCI355/sim/sim_custom/basicObjects.inc'
C:\Users\wang\eclipse-workspace\ENGSCI355\sim\sim_custom\basicObjects.inc (系统找不到指定的文件。)

Include resourceObjects.inc
*** ERROR *** Could not read from url: 'file:/C:/Users/wang/eclipse-workspace/ENGSCI355/sim/sim_custom/resourceObjects.inc'
C:\Users\wang\eclipse-workspace\ENGSCI355\sim\sim_custom\resourceObjects.inc (系统找不到指定的文件。)

Include examples.inc
*** ERROR *** Could not read from url: 'file:/C:/Users/wang/eclipse-workspace/ENGSCI355/sim/sim_custom/examples.inc'
C:\Users\wang\eclipse-workspace\ENGSCI355\sim\sim_custom\examples.inc (系统找不到指定的文件。)

Include processFlow.inc
*** ERROR *** Could not read from url: 'file:/C:/Users/wang/eclipse-workspace/ENGSCI355/sim/sim_custom/processFlow.inc'
C:\Users\wang\eclipse-workspace\ENGSCI355\sim\sim_custom\processFlow.inc (系统找不到指定的文件。)

Include calculationObjects.inc
*** ERROR *** Could not read from url: 'file:/C:/Users/wang/eclipse-workspace/ENGSCI355/sim/sim_custom/calculationObjects.inc'
C:\Users\wang\eclipse-workspace\ENGSCI355\sim\sim_custom\calculationObjects.inc (系统找不到指定的文件。)

Include fluidObjects.inc
*** ERROR *** Could not read from url: 'file:/C:/Users/wang/eclipse-workspace/ENGSCI355/sim/sim_custom/fluidObjects.inc'
C:\Users\wang\eclipse-workspace\ENGSCI355\sim\sim_custom\fluidObjects.inc (系统找不到指定的文件。)

Include submodels.inc
*** ERROR *** Could not read from url: 'file:/C:/Users/wang/eclipse-workspace/ENGSCI355/sim/sim_custom/submodels.inc'
C:\Users\wang\eclipse-workspace\ENGSCI355\sim\sim_custom\submodels.inc (系统找不到指定的文件。)

Include hccm.inc
*** ERROR *** Could not read from url: 'file:/C:/Users/wang/eclipse-workspace/ENGSCI355/sim/sim_custom/hccm.inc'
C:\Users\wang\eclipse-workspace\ENGSCI355\sim\sim_custom\hccm.inc (系统找不到指定的文件。)

Include sim_custom.inc
Input Error: 15 input errors and 0 warnings found
