Include  units.inc
*** ERROR *** Could not read from url: 'file:/C:/Users/Jack/Desktop/hccm/custom/units.inc'
C:\Users\Jack\Desktop\hccm\custom\units.inc (The system cannot find the file specified)

Include  sim.inc
*** ERROR *** Could not read from url: 'file:/C:/Users/Jack/Desktop/hccm/custom/sim.inc'
C:\Users\Jack\Desktop\hccm\custom\sim.inc (The system cannot find the file specified)

Include  units-imperial.inc
*** ERROR *** Could not read from url: 'file:/C:/Users/Jack/Desktop/hccm/custom/units-imperial.inc'
C:\Users\Jack\Desktop\hccm\custom\units-imperial.inc (The system cannot find the file specified)

Include  units-knots.inc
*** ERROR *** Could not read from url: 'file:/C:/Users/Jack/Desktop/hccm/custom/units-knots.inc'
C:\Users\Jack\Desktop\hccm\custom\units-knots.inc (The system cannot find the file specified)

Include  displayModels.inc
*** ERROR *** Could not read from url: 'file:/C:/Users/Jack/Desktop/hccm/custom/displayModels.inc'
C:\Users\Jack\Desktop\hccm\custom\displayModels.inc (The system cannot find the file specified)

Include  graphics.inc
*** ERROR *** Could not read from url: 'file:/C:/Users/Jack/Desktop/hccm/custom/graphics.inc'
C:\Users\Jack\Desktop\hccm\custom\graphics.inc (The system cannot find the file specified)

Include  probabilityDistributions.inc
*** ERROR *** Could not read from url: 'file:/C:/Users/Jack/Desktop/hccm/custom/probabilityDistributions.inc'
C:\Users\Jack\Desktop\hccm\custom\probabilityDistributions.inc (The system cannot find the file specified)

Include  basicObjects.inc
*** ERROR *** Could not read from url: 'file:/C:/Users/Jack/Desktop/hccm/custom/basicObjects.inc'
C:\Users\Jack\Desktop\hccm\custom\basicObjects.inc (The system cannot find the file specified)

Include  resourceObjects.inc
*** ERROR *** Could not read from url: 'file:/C:/Users/Jack/Desktop/hccm/custom/resourceObjects.inc'
C:\Users\Jack\Desktop\hccm\custom\resourceObjects.inc (The system cannot find the file specified)

Include  examples.inc
*** ERROR *** Could not read from url: 'file:/C:/Users/Jack/Desktop/hccm/custom/examples.inc'
C:\Users\Jack\Desktop\hccm\custom\examples.inc (The system cannot find the file specified)

Include  processFlow.inc
*** ERROR *** Could not read from url: 'file:/C:/Users/Jack/Desktop/hccm/custom/processFlow.inc'
C:\Users\Jack\Desktop\hccm\custom\processFlow.inc (The system cannot find the file specified)

Include  calculationObjects.inc
*** ERROR *** Could not read from url: 'file:/C:/Users/Jack/Desktop/hccm/custom/calculationObjects.inc'
C:\Users\Jack\Desktop\hccm\custom\calculationObjects.inc (The system cannot find the file specified)

Include  fluidObjects.inc
*** ERROR *** Could not read from url: 'file:/C:/Users/Jack/Desktop/hccm/custom/fluidObjects.inc'
C:\Users\Jack\Desktop\hccm\custom\fluidObjects.inc (The system cannot find the file specified)

Include  submodels.inc
*** ERROR *** Could not read from url: 'file:/C:/Users/Jack/Desktop/hccm/custom/submodels.inc'
C:\Users\Jack\Desktop\hccm\custom\submodels.inc (The system cannot find the file specified)

Include  ..\..\..\custom\hccm.inc
*** ERROR *** Could not read from url: 'file:/C:/Users/Jack/custom/hccm.inc'
C:\Users\Jack\custom\hccm.inc (The system cannot find the path specified)

Include  ..\..\..\custom\ssq.inc
*** ERROR *** Could not read from url: 'file:/C:/Users/Jack/custom/ssq.inc'
C:\Users\Jack\custom\ssq.inc (The system cannot find the path specified)

Include  ..\..\..\custom\abm.inc
*** ERROR *** Could not read from url: 'file:/C:/Users/Jack/custom/abm.inc'
C:\Users\Jack\custom\abm.inc (The system cannot find the path specified)

Include  ..\..\..\R2_custom\hccmlibrary.inc
*** ERROR *** Could not read from url: 'file:/C:/Users/Jack/R2_custom/hccmlibrary.inc'
C:\Users\Jack\R2_custom\hccmlibrary.inc (The system cannot find the path specified)

Input Error: 18 input errors and 0 warnings found
